SF:lib/app/shared/models/coins_days_model.dart
DA:10,1
DA:17,0
DA:18,0
DA:19,0
DA:20,0
DA:21,0
DA:22,0
DA:26,1
DA:27,1
DA:35,0
DA:41,0
DA:42,0
DA:43,0
DA:44,0
DA:45,0
LF:15
LH:3
end_of_record
SF:lib/app/shared/models/coins_model.dart
DA:13,1
DA:23,0
DA:24,0
DA:25,0
DA:26,0
DA:27,0
DA:28,0
DA:29,0
DA:30,0
DA:31,0
DA:34,0
DA:43,0
DA:44,0
DA:45,0
DA:46,0
DA:47,0
DA:48,0
DA:49,0
DA:50,0
DA:54,2
LF:20
LH:2
end_of_record
SF:lib/app/shared/services/client_http_service.dart
DA:7,0
DA:10,0
DA:12,0
LF:3
LH:0
end_of_record
SF:lib/app/page/splash_page.dart
DA:8,1
DA:9,1
DA:16,1
DA:18,1
DA:20,2
DA:22,1
DA:25,3
DA:26,1
DA:27,0
DA:30,1
DA:33,1
DA:34,3
DA:37,1
DA:38,1
DA:41,1
DA:43,3
DA:44,1
DA:47,1
DA:51,1
DA:52,1
DA:53,1
DA:54,1
DA:55,1
DA:56,1
DA:57,1
DA:59,1
DA:60,1
DA:61,1
DA:62,1
DA:63,1
DA:64,1
DA:66,1
DA:68,1
DA:76,2
LF:34
LH:33
end_of_record
SF:lib/app/page/components/stagger_aimation.dart
DA:7,1
DA:8,2
DA:9,2
DA:10,1
DA:13,2
DA:15,1
DA:21,1
DA:24,1
DA:25,1
DA:26,1
DA:28,3
DA:29,1
DA:30,2
DA:31,3
DA:33,1
DA:34,1
DA:35,2
DA:36,1
DA:37,0
DA:38,0
DA:39,0
DA:40,0
DA:41,0
DA:42,0
DA:50,1
DA:51,3
DA:52,1
DA:54,1
DA:62,0
DA:63,0
DA:69,1
DA:71,1
DA:72,1
DA:73,1
LF:34
LH:26
end_of_record
SF:lib/app/shared/util/push.dart
DA:11,0
DA:14,0
DA:15,0
DA:17,0
DA:18,0
DA:19,0
DA:20,0
DA:23,0
DA:24,0
DA:25,0
DA:26,0
DA:32,0
DA:36,0
DA:37,0
DA:38,0
DA:39,0
DA:40,0
DA:41,0
DA:50,0
DA:51,0
DA:55,0
DA:56,0
DA:57,0
DA:62,0
DA:65,0
DA:66,0
DA:71,0
DA:74,0
DA:76,0
DA:78,0
DA:80,0
DA:81,0
DA:86,0
DA:92,0
DA:96,0
DA:97,0
DA:100,0
DA:101,0
LF:38
LH:0
end_of_record
SF:lib/app/shared/util/general_functions.dart
DA:5,0
DA:9,0
DA:10,0
DA:15,0
DA:19,0
DA:20,0
DA:25,0
DA:27,0
DA:28,0
DA:31,0
DA:37,0
DA:42,0
DA:47,0
DA:48,0
DA:53,0
DA:58,0
DA:59,0
DA:64,0
DA:69,0
DA:76,0
DA:78,0
DA:82,0
DA:86,0
DA:90,0
DA:92,0
DA:96,0
DA:100,0
LF:27
LH:0
end_of_record
SF:lib/app/shared/util/check_internet.dart
DA:9,0
DA:11,0
DA:13,0
DA:14,0
DA:15,0
DA:20,0
DA:21,0
LF:7
LH:0
end_of_record
SF:lib/app/shared/util/general_version.dart
DA:9,0
DA:10,0
DA:13,0
DA:14,0
DA:15,0
LF:5
LH:0
end_of_record
SF:lib/app/modules/home/controllers/home_store.g.dart
DA:14,0
DA:15,0
DA:16,0
DA:17,0
DA:21,0
DA:23,0
DA:24,0
DA:27,0
DA:29,0
DA:30,0
DA:36,0
DA:38,0
DA:39,0
DA:42,0
DA:44,0
DA:45,0
DA:51,0
DA:53,0
DA:54,0
DA:57,0
DA:59,0
DA:60,0
DA:66,0
DA:68,0
DA:69,0
DA:72,0
DA:74,0
DA:75,0
DA:81,0
DA:83,0
DA:84,0
DA:87,0
DA:89,0
DA:90,0
DA:96,0
DA:98,0
DA:99,0
DA:102,0
DA:104,0
DA:105,0
DA:111,0
DA:113,0
DA:114,0
DA:117,0
DA:119,0
DA:120,0
DA:126,0
DA:128,0
DA:129,0
DA:132,0
DA:134,0
DA:135,0
DA:141,0
DA:143,0
DA:144,0
DA:147,0
DA:149,0
DA:150,0
DA:156,0
DA:158,0
DA:159,0
DA:162,0
DA:164,0
DA:165,0
DA:171,0
DA:173,0
DA:174,0
DA:177,0
DA:179,0
DA:180,0
DA:186,0
DA:188,0
DA:189,0
DA:192,0
DA:194,0
DA:195,0
DA:201,0
DA:203,0
DA:204,0
DA:207,0
DA:209,0
DA:210,0
DA:217,0
DA:219,0
DA:220,0
DA:223,0
DA:225,0
DA:226,0
DA:232,0
DA:234,0
DA:235,0
DA:238,0
DA:240,0
DA:241,0
DA:247,0
DA:249,0
DA:250,0
DA:253,0
DA:255,0
DA:256,0
DA:262,0
DA:264,0
DA:265,0
DA:268,0
DA:270,0
DA:271,0
DA:277,0
DA:279,0
DA:280,0
DA:283,0
DA:285,0
DA:286,0
DA:293,0
DA:295,0
DA:296,0
DA:299,0
DA:301,0
DA:302,0
DA:308,0
DA:310,0
DA:311,0
DA:314,0
DA:316,0
DA:317,0
DA:323,0
DA:325,0
DA:331,0
DA:333,0
DA:334,0
DA:339,0
DA:341,0
DA:347,0
DA:349,0
DA:352,0
DA:354,0
DA:358,0
DA:360,0
DA:363,0
DA:365,0
DA:369,0
DA:371,0
DA:374,0
DA:376,0
DA:380,0
DA:382,0
DA:385,0
DA:387,0
DA:391,0
DA:393,0
DA:396,0
DA:398,0
DA:402,0
DA:404,0
DA:407,0
DA:409,0
DA:413,0
DA:415,0
DA:418,0
DA:420,0
DA:424,0
DA:426,0
DA:429,0
DA:431,0
DA:435,0
DA:437,0
DA:440,0
DA:442,0
DA:446,0
DA:448,0
DA:451,0
DA:453,0
DA:457,0
DA:459,0
DA:462,0
DA:464,0
DA:468,0
DA:470,0
DA:473,0
DA:475,0
DA:479,0
DA:481,0
DA:484,0
DA:486,0
DA:490,0
DA:492,0
DA:495,0
DA:497,0
DA:501,0
DA:504,0
DA:505,0
DA:506,0
DA:507,0
DA:508,0
DA:509,0
DA:510,0
DA:511,0
DA:512,0
DA:513,0
DA:514,0
DA:515,0
DA:516,0
DA:517,0
DA:518,0
DA:519,0
DA:520,0
DA:521,0
DA:522,0
DA:523,0
DA:524,0
DA:525,0
LF:210
LH:0
end_of_record
SF:lib/app/modules/home/controllers/home_store.dart
DA:35,0
DA:41,0
DA:49,0
DA:51,0
DA:52,0
DA:53,0
DA:54,0
DA:57,0
DA:59,0
DA:60,0
DA:61,0
DA:62,0
DA:63,0
DA:68,0
DA:70,0
DA:71,0
DA:76,0
DA:78,0
DA:81,0
DA:82,0
DA:86,0
DA:88,0
DA:90,0
DA:91,0
DA:92,0
DA:98,0
DA:99,0
DA:105,0
DA:106,0
DA:107,0
DA:108,0
DA:122,0
DA:125,0
DA:126,0
DA:127,0
DA:128,0
DA:129,0
DA:130,0
DA:131,0
DA:132,0
DA:133,0
DA:134,0
DA:140,0
DA:142,0
DA:145,0
DA:149,0
DA:151,0
DA:153,0
DA:155,0
DA:157,0
DA:158,0
DA:161,0
DA:168,0
DA:169,0
DA:173,0
DA:174,0
DA:178,0
DA:180,0
DA:181,0
DA:183,0
DA:186,0
DA:189,0
DA:191,0
DA:192,0
DA:193,0
DA:195,0
DA:197,0
DA:202,0
DA:204,0
DA:205,0
DA:206,0
DA:207,0
DA:210,0
DA:216,0
DA:217,0
DA:218,0
DA:221,0
DA:223,0
DA:224,0
DA:225,0
DA:227,0
DA:228,0
DA:229,0
DA:231,0
DA:237,0
DA:239,0
DA:240,0
DA:241,0
DA:244,0
DA:245,0
DA:246,0
DA:249,0
DA:265,0
DA:266,0
DA:267,0
DA:268,0
DA:269,0
DA:270,0
LF:98
LH:0
end_of_record
SF:lib/app/shared/models/coins_parc_model.dart
DA:9,0
DA:15,0
DA:16,0
DA:17,0
DA:18,0
DA:19,0
DA:23,0
DA:28,0
DA:29,0
DA:30,0
DA:31,0
LF:11
LH:0
end_of_record
SF:lib/app/shared/repository/coin_repository.dart
DA:15,0
DA:18,0
DA:22,0
DA:24,0
DA:25,0
DA:31,0
DA:32,0
DA:34,0
DA:35,0
DA:37,0
DA:43,0
DA:50,0
DA:52,0
DA:55,0
DA:56,0
DA:57,0
DA:58,0
DA:59,0
DA:60,0
DA:62,0
LF:20
LH:0
end_of_record
SF:lib/app/modules/home/controllers/rate_my_app_controller.dart
DA:12,0
DA:14,0
DA:16,0
DA:17,0
DA:18,0
DA:19,0
DA:24,0
DA:25,0
DA:31,0
DA:32,0
DA:35,0
DA:36,0
DA:43,0
DA:49,0
DA:50,0
DA:51,0
DA:53,0
DA:54,0
DA:56,0
DA:57,0
DA:59,0
DA:60,0
DA:69,0
DA:70,0
DA:71,0
DA:72,0
DA:73,0
DA:75,0
DA:76,0
DA:96,0
DA:97,0
DA:102,0
DA:103,0
DA:104,0
DA:105,0
DA:106,0
DA:111,0
DA:112,0
DA:114,0
DA:117,0
DA:120,0
DA:125,0
DA:133,0
DA:135,0
LF:44
LH:0
end_of_record
